<?xml version="1.0" encoding="UTF-8"?>
<!-- Generated by org.testng.reporters.JUnitReportReporter -->
<testsuite hostname="SANKET" failures="0" tests="1" name="LastProjectMaven.Sanket_project.testClass.testClass" time="10.450" errors="0" timestamp="2022-07-28T23:15:43 IST" skipped="0">
  <testcase classname="LastProjectMaven.Sanket_project.testClass.testClass" name="validateuser" time="10.450"/>
  <system-out/>
</testsuite> <!-- LastProjectMaven.Sanket_project.testClass.testClass -->
